 INFO: Got a diagram name of Class Diagram (PGMLHandler.java:68)
 INFO: Got a description of org.argouml.uml.diagram.static_structure.ui.UMLClassDiagram|10--110--117--57-1df1aba4:142815c11c6:-8000:0000000000000D63 (PGMLHandler.java:71)
 INFO: Unrecognized element argouml:pathitem (PGMLStackParser.java:562)
 INFO: Got a diagram name of Use Case Diagram (PGMLHandler.java:68)
 INFO: Got a description of org.argouml.uml.diagram.use_case.ui.UMLUseCaseDiagram|10--110--117--57-1df1aba4:142815c11c6:-8000:0000000000000D63 (PGMLHandler.java:71)
 WARN: in dest node but no port (ModeCreateEdgeAndNode.java:412)
 WARN: in dest node but no port (ModeCreateEdgeAndNode.java:412)
 INFO: Got a diagram name of Class Diagram (PGMLHandler.java:68)
 INFO: Got a description of org.argouml.uml.diagram.static_structure.ui.UMLClassDiagram|-64--88-2-13-15c74436:142cbcfc2f2:-8000:0000000000000865 (PGMLHandler.java:71)
 INFO: Got a diagram name of Use Case Diagram (PGMLHandler.java:68)
 INFO: Got a description of org.argouml.uml.diagram.use_case.ui.UMLUseCaseDiagram|-64--88-2-13-15c74436:142cbcfc2f2:-8000:0000000000000865 (PGMLHandler.java:71)
 INFO: Got a diagram name of Class Diagram (PGMLHandler.java:68)
 INFO: Got a description of org.argouml.uml.diagram.static_structure.ui.UMLClassDiagram|-64--88-2-13-15c74436:142cbcfc2f2:-8000:0000000000000865 (PGMLHandler.java:71)
 INFO: Got a diagram name of Use Case Diagram (PGMLHandler.java:68)
 INFO: Got a description of org.argouml.uml.diagram.use_case.ui.UMLUseCaseDiagram|-64--88-2-13-15c74436:142cbcfc2f2:-8000:0000000000000865 (PGMLHandler.java:71)
 INFO: Got a diagram name of Class Diagram (PGMLHandler.java:68)
 INFO: Got a description of org.argouml.uml.diagram.static_structure.ui.UMLClassDiagram|-64--88-2-15--4cc2bd38:142cf5f7fd4:-8000:0000000000000865 (PGMLHandler.java:71)
 INFO: Got a diagram name of Use Case Diagram (PGMLHandler.java:68)
 INFO: Got a description of org.argouml.uml.diagram.use_case.ui.UMLUseCaseDiagram|-64--88-2-15--4cc2bd38:142cf5f7fd4:-8000:0000000000000865 (PGMLHandler.java:71)
 INFO: Got a diagram name of Class Diagram (PGMLHandler.java:68)
 INFO: Got a description of org.argouml.uml.diagram.static_structure.ui.UMLClassDiagram|-64--88-2-15--4eb4fb29:142cf6d072f:-8000:0000000000000865 (PGMLHandler.java:71)
 INFO: Got a diagram name of Use Case Diagram (PGMLHandler.java:68)
 INFO: Got a description of org.argouml.uml.diagram.use_case.ui.UMLUseCaseDiagram|-64--88-2-15--4eb4fb29:142cf6d072f:-8000:0000000000000865 (PGMLHandler.java:71)
 INFO: Got a diagram name of Class Diagram (PGMLHandler.java:68)
 INFO: Got a description of org.argouml.uml.diagram.static_structure.ui.UMLClassDiagram|-64--88-2-15-4dccb757:142cf6f5428:-8000:0000000000000865 (PGMLHandler.java:71)
 INFO: Got a diagram name of Use Case Diagram (PGMLHandler.java:68)
 INFO: Got a description of org.argouml.uml.diagram.use_case.ui.UMLUseCaseDiagram|-64--88-2-15-4dccb757:142cf6f5428:-8000:0000000000000865 (PGMLHandler.java:71)
 INFO: Got a diagram name of Class Diagram (PGMLHandler.java:68)
 INFO: Got a description of org.argouml.uml.diagram.static_structure.ui.UMLClassDiagram|-64--88-2-15--38fdc0dc:142cf7093ce:-8000:0000000000000865 (PGMLHandler.java:71)
 INFO: Got a diagram name of Use Case Diagram (PGMLHandler.java:68)
 INFO: Got a description of org.argouml.uml.diagram.use_case.ui.UMLUseCaseDiagram|-64--88-2-15--38fdc0dc:142cf7093ce:-8000:0000000000000865 (PGMLHandler.java:71)
 INFO: Got a diagram name of Class Diagram (PGMLHandler.java:68)
 INFO: Got a description of org.argouml.uml.diagram.static_structure.ui.UMLClassDiagram|-64--88-2-15-700b3a4:142cf72c244:-8000:0000000000000865 (PGMLHandler.java:71)
 INFO: Got a diagram name of Use Case Diagram (PGMLHandler.java:68)
 INFO: Got a description of org.argouml.uml.diagram.use_case.ui.UMLUseCaseDiagram|-64--88-2-15-700b3a4:142cf72c244:-8000:0000000000000865 (PGMLHandler.java:71)
 INFO: Got a diagram name of Class Diagram (PGMLHandler.java:68)
 INFO: Got a description of org.argouml.uml.diagram.static_structure.ui.UMLClassDiagram|-64--88-2-15-3787f359:142cf7b9e88:-8000:0000000000000865 (PGMLHandler.java:71)
 INFO: Got a diagram name of Use Case Diagram (PGMLHandler.java:68)
 INFO: Got a description of org.argouml.uml.diagram.use_case.ui.UMLUseCaseDiagram|-64--88-2-15-3787f359:142cf7b9e88:-8000:0000000000000865 (PGMLHandler.java:71)
 INFO: Got a diagram name of Class Diagram (PGMLHandler.java:68)
 INFO: Got a description of org.argouml.uml.diagram.static_structure.ui.UMLClassDiagram|-64--88-2-15--1c0f3ed7:142cf8b176e:-8000:0000000000000865 (PGMLHandler.java:71)
 INFO: Got a diagram name of Use Case Diagram (PGMLHandler.java:68)
 INFO: Got a description of org.argouml.uml.diagram.use_case.ui.UMLUseCaseDiagram|-64--88-2-15--1c0f3ed7:142cf8b176e:-8000:0000000000000865 (PGMLHandler.java:71)
 INFO: Got a diagram name of Class Diagram (PGMLHandler.java:68)
 INFO: Got a description of org.argouml.uml.diagram.static_structure.ui.UMLClassDiagram|-64--88-2-15--1e2967b9:142cf946302:-8000:0000000000000865 (PGMLHandler.java:71)
 INFO: Got a diagram name of Use Case Diagram (PGMLHandler.java:68)
 INFO: Got a description of org.argouml.uml.diagram.use_case.ui.UMLUseCaseDiagram|-64--88-2-15--1e2967b9:142cf946302:-8000:0000000000000865 (PGMLHandler.java:71)
 INFO: Got a diagram name of Class Diagram (PGMLHandler.java:68)
 INFO: Got a description of org.argouml.uml.diagram.static_structure.ui.UMLClassDiagram|-64--88-2-15--1e2967b9:142cf946302:-8000:0000000000000865 (PGMLHandler.java:71)
 INFO: Got a diagram name of Use Case Diagram (PGMLHandler.java:68)
 INFO: Got a description of org.argouml.uml.diagram.use_case.ui.UMLUseCaseDiagram|-64--88-2-15--1e2967b9:142cf946302:-8000:0000000000000865 (PGMLHandler.java:71)
 INFO: Got a diagram name of Class Diagram (PGMLHandler.java:68)
 INFO: Got a description of org.argouml.uml.diagram.static_structure.ui.UMLClassDiagram|-64--88-2-15-5b0ab66e:142cf95ee2d:-8000:0000000000000865 (PGMLHandler.java:71)
 INFO: Got a diagram name of Use Case Diagram (PGMLHandler.java:68)
 INFO: Got a description of org.argouml.uml.diagram.use_case.ui.UMLUseCaseDiagram|-64--88-2-15-5b0ab66e:142cf95ee2d:-8000:0000000000000865 (PGMLHandler.java:71)
 INFO: Got a diagram name of Class Diagram (PGMLHandler.java:68)
 INFO: Got a description of org.argouml.uml.diagram.static_structure.ui.UMLClassDiagram|-64--88-2-15-5ec8aab0:142cfaebe40:-8000:0000000000000865 (PGMLHandler.java:71)
 INFO: Got a diagram name of Use Case Diagram (PGMLHandler.java:68)
 INFO: Got a description of org.argouml.uml.diagram.use_case.ui.UMLUseCaseDiagram|-64--88-2-15-5ec8aab0:142cfaebe40:-8000:0000000000000865 (PGMLHandler.java:71)
 INFO: Got a diagram name of Class Diagram (PGMLHandler.java:68)
 INFO: Got a description of org.argouml.uml.diagram.static_structure.ui.UMLClassDiagram|-64--88-2-13-26a6afdb:142ecd6967e:-8000:0000000000000865 (PGMLHandler.java:71)
 INFO: Unrecognized element argouml:pathitem (PGMLStackParser.java:562)
 INFO: Unrecognized element argouml:pathitem (PGMLStackParser.java:562)
 INFO: Got a diagram name of Use Case Diagram (PGMLHandler.java:68)
 INFO: Got a description of org.argouml.uml.diagram.use_case.ui.UMLUseCaseDiagram|-64--88-2-13-26a6afdb:142ecd6967e:-8000:0000000000000865 (PGMLHandler.java:71)
 WARN: in dest node but no port (ModeCreateEdgeAndNode.java:412)
 INFO: Got a diagram name of Class Diagram (PGMLHandler.java:68)
 INFO: Got a description of org.argouml.uml.diagram.static_structure.ui.UMLClassDiagram|10--110--32--90-6a765770:142edfe24c7:-8000:0000000000000865 (PGMLHandler.java:71)
 INFO: Unrecognized element argouml:pathitem (PGMLStackParser.java:562)
 INFO: Unrecognized element argouml:pathitem (PGMLStackParser.java:562)
 INFO: Unrecognized element argouml:pathitem (PGMLStackParser.java:562)
 INFO: Unrecognized element argouml:pathitem (PGMLStackParser.java:562)
 INFO: Got a diagram name of Use Case Diagram (PGMLHandler.java:68)
 INFO: Got a description of org.argouml.uml.diagram.use_case.ui.UMLUseCaseDiagram|10--110--32--90-6a765770:142edfe24c7:-8000:0000000000000865 (PGMLHandler.java:71)
